2025-06-20 17:18:24,062-Test_Emp-INFO-Starting OrangeHRM login test
2025-06-20 17:18:26,142-Test_Emp-INFO-Navigating to login page
2025-06-20 17:18:29,102-Test_Emp-INFO-Entering username and password
2025-06-20 17:18:34,131-Test_Emp-INFO-Login successful! Current URL:https://opensource-demo.orangehrmlive.com/web/index.php/dashboard/index
2025-06-20 17:18:34,242-Test_Emp-INFO-Screenshot saved to screenshots/login_result.png
2025-06-20 17:18:34,242-Test_Emp-INFO-Navigating to login page
2025-06-20 17:18:34,242-Test_Emp-INFO-Entering first , last name and id
2025-06-20 17:18:44,375-Test_Emp-ERROR-An error occurred
2025-06-20 17:18:44,377-Test_Emp-ERROR-Message: 
Stacktrace:
	GetHandleVerifier [0x0x10f3b03+62899]
	GetHandleVerifier [0x0x10f3b44+62964]
	(No symbol) [0x0xf210f3]
	(No symbol) [0x0xf6980e]
	(No symbol) [0x0xf69bab]
	(No symbol) [0x0xfb25c2]
	(No symbol) [0x0xf8e554]
	(No symbol) [0x0xfafd81]
	(No symbol) [0x0xf8e306]
	(No symbol) [0x0xf5d670]
	(No symbol) [0x0xf5e4e4]
	GetHandleVerifier [0x0x1354793+2556483]
	GetHandleVerifier [0x0x134fd02+2537394]
	GetHandleVerifier [0x0x111a2fa+220586]
	GetHandleVerifier [0x0x110aae8+157080]
	GetHandleVerifier [0x0x111141d+184013]
	GetHandleVerifier [0x0x10fba68+95512]
	GetHandleVerifier [0x0x10fbc10+95936]
	GetHandleVerifier [0x0x10e6b5a+9738]
	BaseThreadInitThunk [0x0x761d5d49+25]
	RtlInitializeExceptionChain [0x0x7780d03b+107]
	RtlGetAppContainerNamedObjectPath [0x0x7780cfc1+561]
Traceback (most recent call last):
  File "C:\Users\eugin\PycharmProjects\PythonProject\project_orange\tests\test_add_emp.py", line 33, in test_add_emp
    emp.add_employee(driver,"john","doe","0891")
    ~~~~~~~~~~~~~~~~^^^^^^^^^^^^^^^^^^^^^^^^^^^^
  File "C:\Users\eugin\PycharmProjects\PythonProject\project_orange\pages\employee_page.py", line 17, in add_employee
    link1 = WebDriverWait(driver, 10).until(
        EC.presence_of_element_located(self.pim)
    
    )
  File "C:\Users\eugin\AppData\Local\Programs\Python\Python313\Lib\site-packages\selenium\webdriver\support\wait.py", line 146, in until
    raise TimeoutException(message, screen, stacktrace)
selenium.common.exceptions.TimeoutException: Message: 
Stacktrace:
	GetHandleVerifier [0x0x10f3b03+62899]
	GetHandleVerifier [0x0x10f3b44+62964]
	(No symbol) [0x0xf210f3]
	(No symbol) [0x0xf6980e]
	(No symbol) [0x0xf69bab]
	(No symbol) [0x0xfb25c2]
	(No symbol) [0x0xf8e554]
	(No symbol) [0x0xfafd81]
	(No symbol) [0x0xf8e306]
	(No symbol) [0x0xf5d670]
	(No symbol) [0x0xf5e4e4]
	GetHandleVerifier [0x0x1354793+2556483]
	GetHandleVerifier [0x0x134fd02+2537394]
	GetHandleVerifier [0x0x111a2fa+220586]
	GetHandleVerifier [0x0x110aae8+157080]
	GetHandleVerifier [0x0x111141d+184013]
	GetHandleVerifier [0x0x10fba68+95512]
	GetHandleVerifier [0x0x10fbc10+95936]
	GetHandleVerifier [0x0x10e6b5a+9738]
	BaseThreadInitThunk [0x0x761d5d49+25]
	RtlInitializeExceptionChain [0x0x7780d03b+107]
	RtlGetAppContainerNamedObjectPath [0x0x7780cfc1+561]

